<?xml version="1.0" encoding="UTF-8"?>
<!-- Generated by org.testng.reporters.JUnitXMLReporter -->
<testsuite hostname="Swanand" ignored="0" name="Validation Title of Home page" tests="2" failures="1" timestamp="28 Jun 2020 18:40:14 GMT" time="8.254" errors="0">
  <testcase name="test_headerOfPage" time="0.0" classname="Tests.ValidateTitleOfHomePage">
    <failure type="java.lang.NullPointerException">
      <![CDATA[java.lang.NullPointerException
at Tests.ValidateTitleOfHomePage.test_headerOfPage(ValidateTitleOfHomePage.java:36)
... Removed 29 stack frames]]>
    </failure>
  </testcase> <!-- test_headerOfPage -->
  <testcase name="test_titleOfPage" time="0.043" classname="Tests.ValidateTitleOfHomePage"/>
</testsuite> <!-- Validation Title of Home page -->
