<?xml version="1.0" encoding="UTF-8"?>
<testng-results skipped="0" failed="2" ignored="0" total="5" passed="3">
  <reporter-output>
  </reporter-output>
  <suite name="Page" duration-ms="54356" started-at="2020-06-28T18:39:20Z" finished-at="2020-06-28T18:40:14Z">
    <groups>
    </groups>
    <test name="HomePage" duration-ms="36918" started-at="2020-06-28T18:39:20Z" finished-at="2020-06-28T18:39:57Z">
      <class name="Tests.HomePageTest">
        <test-method status="PASS" signature="setup()[pri:0, instance:Tests.HomePageTest@fa40fe]" name="setup" is-config="true" duration-ms="6415" started-at="2020-06-28T18:39:20Z" finished-at="2020-06-28T18:39:26Z">
          <reporter-output>
          </reporter-output>
        </test-method> <!-- setup -->
        <test-method status="PASS" signature="test_homepage(java.lang.String, java.lang.String)[pri:0, instance:Tests.HomePageTest@fa40fe]" name="test_homepage" duration-ms="20066" started-at="2020-06-28T18:39:26Z" data-provider="test_getdata" finished-at="2020-06-28T18:39:46Z">
          <params>
            <param index="0">
              <value>
                <![CDATA[jayagtswanand@gmail.com]]>
              </value>
            </param>
            <param index="1">
              <value>
                <![CDATA[test]]>
              </value>
            </param>
          </params>
          <reporter-output>
          </reporter-output>
        </test-method> <!-- test_homepage -->
        <test-method status="FAIL" signature="test_homepage(java.lang.String, java.lang.String)[pri:0, instance:Tests.HomePageTest@fa40fe]" name="test_homepage" duration-ms="9670" started-at="2020-06-28T18:39:46Z" data-provider="test_getdata" finished-at="2020-06-28T18:39:56Z">
          <params>
            <param index="0">
              <value>
                <![CDATA[sayali@gmail.com]]>
              </value>
            </param>
            <param index="1">
              <value>
                <![CDATA[test]]>
              </value>
            </param>
          </params>
          <exception class="org.openqa.selenium.NoSuchElementException">
            <message>
              <![CDATA[no such element: Unable to locate element: {"method":"css selector","selector":"input[id='user_email']"}
  (Session info: chrome=83.0.4103.116)
For documentation on this error, please visit: https://www.seleniumhq.org/exceptions/no_such_element.html
Build info: version: '3.141.59', revision: 'e82be7d358', time: '2018-11-14T08:17:03'
System info: host: 'SWANAND', ip: '192.168.2.6', os.name: 'Windows 10', os.arch: 'x86', os.version: '10.0', java.version: '1.8.0_181'
Driver info: org.openqa.selenium.chrome.ChromeDriver
Capabilities {acceptInsecureCerts: false, browserName: chrome, browserVersion: 83.0.4103.116, chrome: {chromedriverVersion: 83.0.4103.39 (ccbf011cb2d2b..., userDataDir: C:\Users\HP\AppData\Local\T...}, goog:chromeOptions: {debuggerAddress: localhost:49677}, javascriptEnabled: true, networkConnectionEnabled: false, pageLoadStrategy: normal, platform: WINDOWS, platformName: WINDOWS, proxy: Proxy(), setWindowRect: true, strictFileInteractability: false, timeouts: {implicit: 0, pageLoad: 300000, script: 30000}, unhandledPromptBehavior: dismiss and notify, webauthn:virtualAuthenticators: true}
Session ID: 5e04a888e1bbb63b17135dcba7f610bb
*** Element info: {Using=css selector, value=input[id='user_email']}]]>
            </message>
            <full-stacktrace>
              <![CDATA[org.openqa.selenium.NoSuchElementException: no such element: Unable to locate element: {"method":"css selector","selector":"input[id='user_email']"}
  (Session info: chrome=83.0.4103.116)
For documentation on this error, please visit: https://www.seleniumhq.org/exceptions/no_such_element.html
Build info: version: '3.141.59', revision: 'e82be7d358', time: '2018-11-14T08:17:03'
System info: host: 'SWANAND', ip: '192.168.2.6', os.name: 'Windows 10', os.arch: 'x86', os.version: '10.0', java.version: '1.8.0_181'
Driver info: org.openqa.selenium.chrome.ChromeDriver
Capabilities {acceptInsecureCerts: false, browserName: chrome, browserVersion: 83.0.4103.116, chrome: {chromedriverVersion: 83.0.4103.39 (ccbf011cb2d2b..., userDataDir: C:\Users\HP\AppData\Local\T...}, goog:chromeOptions: {debuggerAddress: localhost:49677}, javascriptEnabled: true, networkConnectionEnabled: false, pageLoadStrategy: normal, platform: WINDOWS, platformName: WINDOWS, proxy: Proxy(), setWindowRect: true, strictFileInteractability: false, timeouts: {implicit: 0, pageLoad: 300000, script: 30000}, unhandledPromptBehavior: dismiss and notify, webauthn:virtualAuthenticators: true}
Session ID: 5e04a888e1bbb63b17135dcba7f610bb
*** Element info: {Using=css selector, value=input[id='user_email']}
at sun.reflect.NativeConstructorAccessorImpl.newInstance0(Native Method)
at sun.reflect.NativeConstructorAccessorImpl.newInstance(NativeConstructorAccessorImpl.java:62)
at sun.reflect.DelegatingConstructorAccessorImpl.newInstance(DelegatingConstructorAccessorImpl.java:45)
at java.lang.reflect.Constructor.newInstance(Constructor.java:423)
at org.openqa.selenium.remote.http.W3CHttpResponseCodec.createException(W3CHttpResponseCodec.java:187)
at org.openqa.selenium.remote.http.W3CHttpResponseCodec.decode(W3CHttpResponseCodec.java:122)
at org.openqa.selenium.remote.http.W3CHttpResponseCodec.decode(W3CHttpResponseCodec.java:49)
at org.openqa.selenium.remote.HttpCommandExecutor.execute(HttpCommandExecutor.java:158)
at org.openqa.selenium.remote.service.DriverCommandExecutor.execute(DriverCommandExecutor.java:83)
at org.openqa.selenium.remote.RemoteWebDriver.execute(RemoteWebDriver.java:552)
at org.openqa.selenium.remote.RemoteWebDriver.findElement(RemoteWebDriver.java:323)
at org.openqa.selenium.remote.RemoteWebDriver.findElementByCssSelector(RemoteWebDriver.java:420)
at org.openqa.selenium.By$ByCssSelector.findElement(By.java:431)
at org.openqa.selenium.remote.RemoteWebDriver.findElement(RemoteWebDriver.java:315)
at org.openqa.selenium.support.pagefactory.DefaultElementLocator.findElement(DefaultElementLocator.java:69)
at org.openqa.selenium.support.pagefactory.internal.LocatingElementHandler.invoke(LocatingElementHandler.java:38)
at com.sun.proxy.$Proxy24.isDisplayed(Unknown Source)
at Tests.HomePageTest.test_homepage(HomePageTest.java:42)
at sun.reflect.NativeMethodAccessorImpl.invoke0(Native Method)
at sun.reflect.NativeMethodAccessorImpl.invoke(NativeMethodAccessorImpl.java:62)
at sun.reflect.DelegatingMethodAccessorImpl.invoke(DelegatingMethodAccessorImpl.java:43)
at java.lang.reflect.Method.invoke(Method.java:498)
at org.testng.internal.MethodInvocationHelper.invokeMethod(MethodInvocationHelper.java:124)
at org.testng.internal.Invoker.invokeMethod(Invoker.java:583)
at org.testng.internal.Invoker.invokeTestMethod(Invoker.java:719)
at org.testng.internal.Invoker.invokeTestMethods(Invoker.java:989)
at org.testng.internal.TestMethodWorker.invokeTestMethods(TestMethodWorker.java:125)
at org.testng.internal.TestMethodWorker.run(TestMethodWorker.java:109)
at org.testng.TestRunner.privateRun(TestRunner.java:648)
at org.testng.TestRunner.run(TestRunner.java:505)
at org.testng.SuiteRunner.runTest(SuiteRunner.java:455)
at org.testng.SuiteRunner.runSequentially(SuiteRunner.java:450)
at org.testng.SuiteRunner.privateRun(SuiteRunner.java:415)
at org.testng.SuiteRunner.run(SuiteRunner.java:364)
at org.testng.SuiteRunnerWorker.runSuite(SuiteRunnerWorker.java:52)
at org.testng.SuiteRunnerWorker.run(SuiteRunnerWorker.java:84)
at org.testng.TestNG.runSuitesSequentially(TestNG.java:1208)
at org.testng.TestNG.runSuitesLocally(TestNG.java:1137)
at org.testng.TestNG.runSuites(TestNG.java:1049)
at org.testng.TestNG.run(TestNG.java:1017)
at org.apache.maven.surefire.testng.TestNGExecutor.run(TestNGExecutor.java:283)
at org.apache.maven.surefire.testng.TestNGXmlTestSuite.execute(TestNGXmlTestSuite.java:75)
at org.apache.maven.surefire.testng.TestNGProvider.invoke(TestNGProvider.java:120)
at org.apache.maven.surefire.booter.ForkedBooter.runSuitesInProcess(ForkedBooter.java:377)
at org.apache.maven.surefire.booter.ForkedBooter.execute(ForkedBooter.java:138)
at org.apache.maven.surefire.booter.ForkedBooter.run(ForkedBooter.java:465)
at org.apache.maven.surefire.booter.ForkedBooter.main(ForkedBooter.java:451)
]]>
            </full-stacktrace>
          </exception> <!-- org.openqa.selenium.NoSuchElementException -->
          <reporter-output>
          </reporter-output>
        </test-method> <!-- test_homepage -->
        <test-method status="PASS" signature="browserquit()[pri:0, instance:Tests.HomePageTest@fa40fe]" name="browserquit" is-config="true" duration-ms="163" started-at="2020-06-28T18:39:57Z" finished-at="2020-06-28T18:39:57Z">
          <reporter-output>
          </reporter-output>
        </test-method> <!-- browserquit -->
      </class> <!-- Tests.HomePageTest -->
    </test> <!-- HomePage -->
    <test name="Validation Navigation Bar" duration-ms="8233" started-at="2020-06-28T18:39:58Z" finished-at="2020-06-28T18:40:06Z">
      <class name="Tests.validateNavigationBar">
        <test-method status="PASS" signature="setup()[pri:0, instance:Tests.validateNavigationBar@3f91c3]" name="setup" is-config="true" duration-ms="7954" started-at="2020-06-28T18:39:58Z" finished-at="2020-06-28T18:40:06Z">
          <reporter-output>
          </reporter-output>
        </test-method> <!-- setup -->
        <test-method status="PASS" signature="test_navigationbar()[pri:0, instance:Tests.validateNavigationBar@3f91c3]" name="test_navigationbar" duration-ms="100" started-at="2020-06-28T18:40:06Z" finished-at="2020-06-28T18:40:06Z">
          <reporter-output>
          </reporter-output>
        </test-method> <!-- test_navigationbar -->
        <test-method status="PASS" signature="browserquit()[pri:0, instance:Tests.validateNavigationBar@3f91c3]" name="browserquit" is-config="true" duration-ms="178" started-at="2020-06-28T18:40:06Z" finished-at="2020-06-28T18:40:06Z">
          <reporter-output>
          </reporter-output>
        </test-method> <!-- browserquit -->
      </class> <!-- Tests.validateNavigationBar -->
    </test> <!-- Validation Navigation Bar -->
    <test name="Validation Title of Home page" duration-ms="8254" started-at="2020-06-28T18:40:06Z" finished-at="2020-06-28T18:40:14Z">
      <class name="Tests.ValidateTitleOfHomePage">
        <test-method status="PASS" signature="setup()[pri:0, instance:Tests.ValidateTitleOfHomePage@bd8be5]" name="setup" is-config="true" duration-ms="7174" started-at="2020-06-28T18:40:06Z" finished-at="2020-06-28T18:40:13Z">
          <reporter-output>
          </reporter-output>
        </test-method> <!-- setup -->
        <test-method status="FAIL" signature="test_headerOfPage()[pri:0, instance:Tests.ValidateTitleOfHomePage@bd8be5]" name="test_headerOfPage" duration-ms="0" started-at="2020-06-28T18:40:13Z" finished-at="2020-06-28T18:40:13Z">
          <exception class="java.lang.NullPointerException">
            <full-stacktrace>
              <![CDATA[java.lang.NullPointerException
at Tests.ValidateTitleOfHomePage.test_headerOfPage(ValidateTitleOfHomePage.java:36)
at sun.reflect.NativeMethodAccessorImpl.invoke0(Native Method)
at sun.reflect.NativeMethodAccessorImpl.invoke(NativeMethodAccessorImpl.java:62)
at sun.reflect.DelegatingMethodAccessorImpl.invoke(DelegatingMethodAccessorImpl.java:43)
at java.lang.reflect.Method.invoke(Method.java:498)
at org.testng.internal.MethodInvocationHelper.invokeMethod(MethodInvocationHelper.java:124)
at org.testng.internal.Invoker.invokeMethod(Invoker.java:583)
at org.testng.internal.Invoker.invokeTestMethod(Invoker.java:719)
at org.testng.internal.Invoker.invokeTestMethods(Invoker.java:989)
at org.testng.internal.TestMethodWorker.invokeTestMethods(TestMethodWorker.java:125)
at org.testng.internal.TestMethodWorker.run(TestMethodWorker.java:109)
at org.testng.TestRunner.privateRun(TestRunner.java:648)
at org.testng.TestRunner.run(TestRunner.java:505)
at org.testng.SuiteRunner.runTest(SuiteRunner.java:455)
at org.testng.SuiteRunner.runSequentially(SuiteRunner.java:450)
at org.testng.SuiteRunner.privateRun(SuiteRunner.java:415)
at org.testng.SuiteRunner.run(SuiteRunner.java:364)
at org.testng.SuiteRunnerWorker.runSuite(SuiteRunnerWorker.java:52)
at org.testng.SuiteRunnerWorker.run(SuiteRunnerWorker.java:84)
at org.testng.TestNG.runSuitesSequentially(TestNG.java:1208)
at org.testng.TestNG.runSuitesLocally(TestNG.java:1137)
at org.testng.TestNG.runSuites(TestNG.java:1049)
at org.testng.TestNG.run(TestNG.java:1017)
at org.apache.maven.surefire.testng.TestNGExecutor.run(TestNGExecutor.java:283)
at org.apache.maven.surefire.testng.TestNGXmlTestSuite.execute(TestNGXmlTestSuite.java:75)
at org.apache.maven.surefire.testng.TestNGProvider.invoke(TestNGProvider.java:120)
at org.apache.maven.surefire.booter.ForkedBooter.runSuitesInProcess(ForkedBooter.java:377)
at org.apache.maven.surefire.booter.ForkedBooter.execute(ForkedBooter.java:138)
at org.apache.maven.surefire.booter.ForkedBooter.run(ForkedBooter.java:465)
at org.apache.maven.surefire.booter.ForkedBooter.main(ForkedBooter.java:451)
]]>
            </full-stacktrace>
          </exception> <!-- java.lang.NullPointerException -->
          <reporter-output>
          </reporter-output>
        </test-method> <!-- test_headerOfPage -->
        <test-method status="PASS" signature="test_titleOfPage()[pri:0, instance:Tests.ValidateTitleOfHomePage@bd8be5]" name="test_titleOfPage" duration-ms="43" started-at="2020-06-28T18:40:14Z" finished-at="2020-06-28T18:40:14Z">
          <reporter-output>
          </reporter-output>
        </test-method> <!-- test_titleOfPage -->
        <test-method status="PASS" signature="browserquit()[pri:0, instance:Tests.ValidateTitleOfHomePage@bd8be5]" name="browserquit" is-config="true" duration-ms="246" started-at="2020-06-28T18:40:14Z" finished-at="2020-06-28T18:40:14Z">
          <reporter-output>
          </reporter-output>
        </test-method> <!-- browserquit -->
      </class> <!-- Tests.ValidateTitleOfHomePage -->
    </test> <!-- Validation Title of Home page -->
  </suite> <!-- Page -->
</testng-results>
